2025-01-09 06:40:39 [main] INFO  d.a.gateway.GatewayApplication - Starting GatewayApplication v0.0.1-SNAPSHOT using Java 17-ea with PID 1 (/app/gateway.jar started by root in /app)
2025-01-09 06:40:39 [main] INFO  d.a.gateway.GatewayApplication - No active profile set, falling back to 1 default profile: "default"
2025-01-09 06:40:42 [main] INFO  o.s.d.r.c.RepositoryConfigurationDelegate - Multiple Spring Data modules found, entering strict repository configuration mode
2025-01-09 06:40:42 [main] INFO  o.s.d.r.c.RepositoryConfigurationDelegate - Bootstrapping Spring Data Redis repositories in DEFAULT mode.
2025-01-09 06:40:42 [main] INFO  o.s.d.r.c.RepositoryConfigurationDelegate - Finished Spring Data repository scanning in 29 ms. Found 0 Redis repository interfaces.
2025-01-09 06:40:43 [main] INFO  o.s.b.w.e.tomcat.TomcatWebServer - Tomcat initialized with port 8081 (http)
2025-01-09 06:40:43 [main] INFO  o.a.coyote.http11.Http11NioProtocol - Initializing ProtocolHandler ["http-nio-8081"]
2025-01-09 06:40:43 [main] INFO  o.a.catalina.core.StandardService - Starting service [Tomcat]
2025-01-09 06:40:43 [main] INFO  o.a.catalina.core.StandardEngine - Starting Servlet engine: [Apache Tomcat/10.1.34]
2025-01-09 06:40:43 [main] INFO  o.a.c.c.C.[Tomcat].[localhost].[/] - Initializing Spring embedded WebApplicationContext
2025-01-09 06:40:44 [main] INFO  o.s.b.w.s.c.ServletWebServerApplicationContext - Root WebApplicationContext: initialization completed in 4446 ms
2025-01-09 06:40:48 [main] INFO  o.s.b.a.e.web.EndpointLinksResolver - Exposing 1 endpoint beneath base path '/actuator'
2025-01-09 06:40:49 [main] INFO  o.a.coyote.http11.Http11NioProtocol - Starting ProtocolHandler ["http-nio-8081"]
2025-01-09 06:40:49 [main] INFO  o.s.b.w.e.tomcat.TomcatWebServer - Tomcat started on port 8081 (http) with context path '/'
2025-01-09 06:40:49 [main] INFO  d.a.gateway.GatewayApplication - Started GatewayApplication in 11.239 seconds (process running for 12.912)
2025-01-09 06:44:03 [SpringApplicationShutdownHook] INFO  o.s.b.w.e.tomcat.GracefulShutdown - Commencing graceful shutdown. Waiting for active requests to complete
2025-01-09 06:44:03 [tomcat-shutdown] INFO  o.s.b.w.e.tomcat.GracefulShutdown - Graceful shutdown complete
2025-01-09 06:44:19 [main] INFO  d.a.gateway.GatewayApplication - Starting GatewayApplication v0.0.1-SNAPSHOT using Java 17-ea with PID 1 (/app/gateway.jar started by root in /app)
2025-01-09 06:44:19 [main] INFO  d.a.gateway.GatewayApplication - No active profile set, falling back to 1 default profile: "default"
2025-01-09 06:44:22 [main] INFO  o.s.d.r.c.RepositoryConfigurationDelegate - Multiple Spring Data modules found, entering strict repository configuration mode
2025-01-09 06:44:22 [main] INFO  o.s.d.r.c.RepositoryConfigurationDelegate - Bootstrapping Spring Data Redis repositories in DEFAULT mode.
2025-01-09 06:44:22 [main] INFO  o.s.d.r.c.RepositoryConfigurationDelegate - Finished Spring Data repository scanning in 30 ms. Found 0 Redis repository interfaces.
2025-01-09 06:44:23 [main] INFO  o.s.b.w.e.tomcat.TomcatWebServer - Tomcat initialized with port 8081 (http)
2025-01-09 06:44:23 [main] INFO  o.a.coyote.http11.Http11NioProtocol - Initializing ProtocolHandler ["http-nio-8081"]
2025-01-09 06:44:23 [main] INFO  o.a.catalina.core.StandardService - Starting service [Tomcat]
2025-01-09 06:44:23 [main] INFO  o.a.catalina.core.StandardEngine - Starting Servlet engine: [Apache Tomcat/10.1.34]
2025-01-09 06:44:23 [main] INFO  o.a.c.c.C.[Tomcat].[localhost].[/] - Initializing Spring embedded WebApplicationContext
2025-01-09 06:44:23 [main] INFO  o.s.b.w.s.c.ServletWebServerApplicationContext - Root WebApplicationContext: initialization completed in 3811 ms
2025-01-09 06:44:28 [main] INFO  o.s.b.a.e.web.EndpointLinksResolver - Exposing 1 endpoint beneath base path '/actuator'
2025-01-09 06:44:28 [main] INFO  o.a.coyote.http11.Http11NioProtocol - Starting ProtocolHandler ["http-nio-8081"]
2025-01-09 06:44:28 [main] INFO  o.s.b.w.e.tomcat.TomcatWebServer - Tomcat started on port 8081 (http) with context path '/'
2025-01-09 06:44:29 [main] INFO  d.a.gateway.GatewayApplication - Started GatewayApplication in 10.36 seconds (process running for 11.627)
2025-01-09 06:44:50 [http-nio-8081-exec-1] INFO  o.a.c.c.C.[Tomcat].[localhost].[/] - Initializing Spring DispatcherServlet 'dispatcherServlet'
2025-01-09 06:44:50 [http-nio-8081-exec-1] INFO  o.s.web.servlet.DispatcherServlet - Initializing Servlet 'dispatcherServlet'
2025-01-09 06:44:50 [http-nio-8081-exec-1] INFO  o.s.web.servlet.DispatcherServlet - Completed initialization in 2 ms
2025-01-09 06:44:50 [http-nio-8081-exec-1] INFO  d.a.g.c.RequestResponseLoggingFilter - Incoming Request: method=GET, URI=/api/transactions
2025-01-09 06:44:51 [http-nio-8081-exec-1] INFO  d.a.g.c.RequestResponseLoggingFilter - Outgoing Response: status=200
2025-01-09 06:48:51 [SpringApplicationShutdownHook] INFO  o.s.b.w.e.tomcat.GracefulShutdown - Commencing graceful shutdown. Waiting for active requests to complete
2025-01-09 06:48:51 [tomcat-shutdown] INFO  o.s.b.w.e.tomcat.GracefulShutdown - Graceful shutdown complete
2025-01-09 06:49:04 [main] INFO  d.a.gateway.GatewayApplication - Starting GatewayApplication v0.0.1-SNAPSHOT using Java 17-ea with PID 1 (/app/gateway.jar started by root in /app)
2025-01-09 06:49:04 [main] INFO  d.a.gateway.GatewayApplication - No active profile set, falling back to 1 default profile: "default"
2025-01-09 06:49:06 [main] INFO  o.s.d.r.c.RepositoryConfigurationDelegate - Multiple Spring Data modules found, entering strict repository configuration mode
2025-01-09 06:49:06 [main] INFO  o.s.d.r.c.RepositoryConfigurationDelegate - Bootstrapping Spring Data Redis repositories in DEFAULT mode.
2025-01-09 06:49:06 [main] INFO  o.s.d.r.c.RepositoryConfigurationDelegate - Finished Spring Data repository scanning in 22 ms. Found 0 Redis repository interfaces.
2025-01-09 06:49:07 [main] INFO  o.s.b.w.e.tomcat.TomcatWebServer - Tomcat initialized with port 8081 (http)
2025-01-09 06:49:07 [main] INFO  o.a.coyote.http11.Http11NioProtocol - Initializing ProtocolHandler ["http-nio-8081"]
2025-01-09 06:49:07 [main] INFO  o.a.catalina.core.StandardService - Starting service [Tomcat]
2025-01-09 06:49:07 [main] INFO  o.a.catalina.core.StandardEngine - Starting Servlet engine: [Apache Tomcat/10.1.34]
2025-01-09 06:49:07 [main] INFO  o.a.c.c.C.[Tomcat].[localhost].[/] - Initializing Spring embedded WebApplicationContext
2025-01-09 06:49:07 [main] INFO  o.s.b.w.s.c.ServletWebServerApplicationContext - Root WebApplicationContext: initialization completed in 3010 ms
2025-01-09 06:49:10 [main] INFO  o.s.b.a.e.web.EndpointLinksResolver - Exposing 1 endpoint beneath base path '/actuator'
2025-01-09 06:49:11 [main] INFO  o.a.coyote.http11.Http11NioProtocol - Starting ProtocolHandler ["http-nio-8081"]
2025-01-09 06:49:11 [main] INFO  o.s.b.w.e.tomcat.TomcatWebServer - Tomcat started on port 8081 (http) with context path '/'
2025-01-09 06:49:11 [main] INFO  d.a.gateway.GatewayApplication - Started GatewayApplication in 8.189 seconds (process running for 9.381)
2025-01-09 06:49:20 [http-nio-8081-exec-1] INFO  o.a.c.c.C.[Tomcat].[localhost].[/] - Initializing Spring DispatcherServlet 'dispatcherServlet'
2025-01-09 06:49:20 [http-nio-8081-exec-1] INFO  o.s.web.servlet.DispatcherServlet - Initializing Servlet 'dispatcherServlet'
2025-01-09 06:49:20 [http-nio-8081-exec-1] INFO  o.s.web.servlet.DispatcherServlet - Completed initialization in 1 ms
2025-01-09 06:49:20 [http-nio-8081-exec-1] INFO  d.a.g.c.RequestResponseLoggingFilter - Incoming Request: method=GET, URI=/api/transactions
2025-01-09 06:49:21 [http-nio-8081-exec-1] INFO  d.a.g.c.RequestResponseLoggingFilter - Outgoing Response: status=200
2025-01-09 06:51:12 [SpringApplicationShutdownHook] INFO  o.s.b.w.e.tomcat.GracefulShutdown - Commencing graceful shutdown. Waiting for active requests to complete
2025-01-09 06:51:12 [tomcat-shutdown] INFO  o.s.b.w.e.tomcat.GracefulShutdown - Graceful shutdown complete
2025-01-09 06:51:25 [main] INFO  d.a.gateway.GatewayApplication - Starting GatewayApplication v0.0.1-SNAPSHOT using Java 17-ea with PID 1 (/app/gateway.jar started by root in /app)
2025-01-09 06:51:25 [main] INFO  d.a.gateway.GatewayApplication - No active profile set, falling back to 1 default profile: "default"
2025-01-09 06:51:27 [main] INFO  o.s.d.r.c.RepositoryConfigurationDelegate - Multiple Spring Data modules found, entering strict repository configuration mode
2025-01-09 06:51:27 [main] INFO  o.s.d.r.c.RepositoryConfigurationDelegate - Bootstrapping Spring Data Redis repositories in DEFAULT mode.
2025-01-09 06:51:27 [main] INFO  o.s.d.r.c.RepositoryConfigurationDelegate - Finished Spring Data repository scanning in 28 ms. Found 0 Redis repository interfaces.
2025-01-09 06:51:28 [main] INFO  o.s.b.w.e.tomcat.TomcatWebServer - Tomcat initialized with port 8081 (http)
2025-01-09 06:51:28 [main] INFO  o.a.coyote.http11.Http11NioProtocol - Initializing ProtocolHandler ["http-nio-8081"]
2025-01-09 06:51:28 [main] INFO  o.a.catalina.core.StandardService - Starting service [Tomcat]
2025-01-09 06:51:28 [main] INFO  o.a.catalina.core.StandardEngine - Starting Servlet engine: [Apache Tomcat/10.1.34]
2025-01-09 06:51:28 [main] INFO  o.a.c.c.C.[Tomcat].[localhost].[/] - Initializing Spring embedded WebApplicationContext
2025-01-09 06:51:28 [main] INFO  o.s.b.w.s.c.ServletWebServerApplicationContext - Root WebApplicationContext: initialization completed in 2990 ms
2025-01-09 06:51:32 [main] INFO  o.s.b.a.e.web.EndpointLinksResolver - Exposing 1 endpoint beneath base path '/actuator'
2025-01-09 06:51:32 [main] INFO  o.a.coyote.http11.Http11NioProtocol - Starting ProtocolHandler ["http-nio-8081"]
2025-01-09 06:51:32 [main] INFO  o.s.b.w.e.tomcat.TomcatWebServer - Tomcat started on port 8081 (http) with context path '/'
2025-01-09 06:51:32 [main] INFO  d.a.gateway.GatewayApplication - Started GatewayApplication in 8.373 seconds (process running for 9.521)
2025-01-09 06:51:43 [http-nio-8081-exec-1] INFO  o.a.c.c.C.[Tomcat].[localhost].[/] - Initializing Spring DispatcherServlet 'dispatcherServlet'
2025-01-09 06:51:43 [http-nio-8081-exec-1] INFO  o.s.web.servlet.DispatcherServlet - Initializing Servlet 'dispatcherServlet'
2025-01-09 06:51:43 [http-nio-8081-exec-1] INFO  o.s.web.servlet.DispatcherServlet - Completed initialization in 2 ms
2025-01-09 06:51:43 [http-nio-8081-exec-1] INFO  d.a.g.c.RequestResponseLoggingFilter - Incoming Request: method=GET, URI=/api/transactions
2025-01-09 06:51:44 [http-nio-8081-exec-1] INFO  d.a.g.c.RequestResponseLoggingFilter - Outgoing Response: status=200
2025-01-09 06:54:46 [SpringApplicationShutdownHook] INFO  o.s.b.w.e.tomcat.GracefulShutdown - Commencing graceful shutdown. Waiting for active requests to complete
2025-01-09 06:54:46 [tomcat-shutdown] INFO  o.s.b.w.e.tomcat.GracefulShutdown - Graceful shutdown complete
2025-01-09 06:59:18 [main] INFO  d.a.gateway.GatewayApplication - Starting GatewayApplication v0.0.1-SNAPSHOT using Java 17-ea with PID 1 (/app/gateway.jar started by root in /app)
2025-01-09 06:59:18 [main] INFO  d.a.gateway.GatewayApplication - No active profile set, falling back to 1 default profile: "default"
2025-01-09 06:59:21 [main] INFO  o.s.d.r.c.RepositoryConfigurationDelegate - Multiple Spring Data modules found, entering strict repository configuration mode
2025-01-09 06:59:21 [main] INFO  o.s.d.r.c.RepositoryConfigurationDelegate - Bootstrapping Spring Data Redis repositories in DEFAULT mode.
2025-01-09 06:59:21 [main] INFO  o.s.d.r.c.RepositoryConfigurationDelegate - Finished Spring Data repository scanning in 39 ms. Found 0 Redis repository interfaces.
2025-01-09 06:59:23 [main] INFO  o.s.b.w.e.tomcat.TomcatWebServer - Tomcat initialized with port 8081 (http)
2025-01-09 06:59:23 [main] INFO  o.a.coyote.http11.Http11NioProtocol - Initializing ProtocolHandler ["http-nio-8081"]
2025-01-09 06:59:23 [main] INFO  o.a.catalina.core.StandardService - Starting service [Tomcat]
2025-01-09 06:59:23 [main] INFO  o.a.catalina.core.StandardEngine - Starting Servlet engine: [Apache Tomcat/10.1.34]
2025-01-09 06:59:23 [main] INFO  o.a.c.c.C.[Tomcat].[localhost].[/] - Initializing Spring embedded WebApplicationContext
2025-01-09 06:59:23 [main] INFO  o.s.b.w.s.c.ServletWebServerApplicationContext - Root WebApplicationContext: initialization completed in 4029 ms
2025-01-09 06:59:27 [main] INFO  o.s.b.a.e.web.EndpointLinksResolver - Exposing 1 endpoint beneath base path '/actuator'
2025-01-09 06:59:27 [main] INFO  o.a.coyote.http11.Http11NioProtocol - Starting ProtocolHandler ["http-nio-8081"]
2025-01-09 06:59:27 [main] INFO  o.s.b.w.e.tomcat.TomcatWebServer - Tomcat started on port 8081 (http) with context path '/'
2025-01-09 06:59:28 [main] INFO  d.a.gateway.GatewayApplication - Started GatewayApplication in 11.484 seconds (process running for 13.462)
2025-01-09 06:59:33 [http-nio-8081-exec-1] INFO  o.a.c.c.C.[Tomcat].[localhost].[/] - Initializing Spring DispatcherServlet 'dispatcherServlet'
2025-01-09 06:59:33 [http-nio-8081-exec-1] INFO  o.s.web.servlet.DispatcherServlet - Initializing Servlet 'dispatcherServlet'
2025-01-09 06:59:33 [http-nio-8081-exec-1] INFO  o.s.web.servlet.DispatcherServlet - Completed initialization in 2 ms
2025-01-09 06:59:33 [http-nio-8081-exec-1] INFO  d.a.g.c.RequestResponseLoggingFilter - Incoming Request: method=GET, URI=/api/transactions
2025-01-09 06:59:35 [http-nio-8081-exec-1] INFO  d.a.g.c.RequestResponseLoggingFilter - Outgoing Response: status=200
2025-01-09 06:59:52 [http-nio-8081-exec-3] INFO  d.a.g.c.RequestResponseLoggingFilter - Incoming Request: method=POST, URI=/api/transactions
2025-01-09 06:59:52 [http-nio-8081-exec-3] INFO  d.a.g.c.RequestResponseLoggingFilter - Outgoing Response: status=200
2025-01-09 06:59:55 [http-nio-8081-exec-4] INFO  d.a.g.c.RequestResponseLoggingFilter - Incoming Request: method=GET, URI=/api/transactions
2025-01-09 06:59:55 [http-nio-8081-exec-4] INFO  d.a.g.c.RequestResponseLoggingFilter - Outgoing Response: status=200
